2023-06-29 11:22:33 - INFO :  Wrong bar numbers! Code: 688171
2023-06-29 11:22:33 - INFO :  date
20230601    480
20230602    480
20230605    480
20230606    480
20230607    480
20230608    480
20230609    480
20230612    480
20230613    480
20230614    480
20230615    480
20230616    480
20230619    480
20230620    480
20230621    480
20230626    480
20230627    480
20230628     14
Name: symbol, dtype: int64
2023-06-29 11:22:33 - INFO :  Price equals zero! Code: 688171
2023-06-29 11:22:33 - INFO :  date
20230601    0
20230602    0
20230605    0
20230606    0
20230607    0
20230608    0
20230609    0
20230612    0
20230613    0
20230614    0
20230615    0
20230616    0
20230619    0
20230620    0
20230621    0
20230626    0
20230627    0
20230628    0
Name: price_zero, dtype: int64
2023-06-29 11:22:34 - INFO :  Wrong bar numbers! Code: 600125
2023-06-29 11:22:34 - INFO :  date
20230628    7
Name: symbol, dtype: int64
2023-06-29 11:22:34 - INFO :  Price equals zero! Code: 600125
2023-06-29 11:22:34 - INFO :  date
20230601    0
20230602    0
20230605    0
20230606    0
20230607    0
20230608    0
20230609    0
20230612    0
20230613    0
20230614    0
20230615    0
20230616    0
20230619    0
20230620    0
20230621    0
20230626    0
20230627    0
20230628    0
Name: price_zero, dtype: int64
2023-06-29 11:22:34 - INFO :  Wrong bar numbers! Code: 002595
2023-06-29 11:22:34 - INFO :  date
20230628    7
Name: symbol, dtype: int64
2023-06-29 11:22:34 - INFO :  Price equals zero! Code: 002595
2023-06-29 11:22:34 - INFO :  date
20230601    0
20230602    0
20230605    0
20230606    0
20230607    0
20230608    0
20230609    0
20230612    0
20230613    0
20230614    0
20230615    0
20230616    0
20230619    0
20230620    0
20230621    0
20230626    0
20230627    0
20230628    0
Name: price_zero, dtype: int64
2023-06-29 11:22:35 - INFO :  Wrong bar numbers! Code: 000729
2023-06-29 11:22:35 - INFO :  date
20230628    7
Name: symbol, dtype: int64
2023-06-29 11:22:35 - INFO :  Price equals zero! Code: 000729
2023-06-29 11:22:35 - INFO :  date
20230601    0
20230602    0
20230605    0
20230606    0
20230607    0
20230608    0
20230609    0
20230612    0
20230613    0
20230614    0
20230615    0
20230616    0
20230619    0
20230620    0
20230621    0
20230626    0
20230627    0
20230628    0
Name: price_zero, dtype: int64
2023-06-29 11:23:32 - INFO :  Wrong bar numbers! Code: 688171
2023-06-29 11:23:32 - INFO :  date
20230601    480
20230602    480
20230605    480
20230606    480
20230607    480
20230608    480
20230609    480
20230612    480
20230613    480
20230614    480
20230615    480
20230616    480
20230619    480
20230620    480
20230621    480
20230626    480
20230627    480
20230628     14
Name: symbol, dtype: int64
2023-06-29 11:23:33 - INFO :  Wrong bar numbers! Code: 600125
2023-06-29 11:23:33 - INFO :  date
20230628    7
Name: symbol, dtype: int64
2023-06-29 11:23:33 - INFO :  Wrong bar numbers! Code: 002595
2023-06-29 11:23:33 - INFO :  date
20230628    7
Name: symbol, dtype: int64
2023-06-29 11:23:33 - INFO :  Wrong bar numbers! Code: 000729
2023-06-29 11:23:33 - INFO :  date
20230628    7
Name: symbol, dtype: int64
2023-06-29 13:53:40 - INFO :  Wrong bar numbers! Code: 688171
2023-06-29 13:53:40 - INFO :  date
20230601    480
20230602    480
20230605    480
20230606    480
20230607    480
20230608    480
20230609    480
20230612    480
20230613    480
20230614    480
20230615    480
20230616    480
20230619    480
20230620    480
20230621    480
20230626    480
20230627    480
20230628     14
Name: symbol, dtype: int64
2023-06-29 13:53:40 - INFO :  Wrong bar numbers! Code: 600125
2023-06-29 13:53:40 - INFO :  date
20230628    7
Name: symbol, dtype: int64
2023-06-29 13:53:41 - INFO :  Wrong bar numbers! Code: 002595
2023-06-29 13:53:41 - INFO :  date
20230628    7
Name: symbol, dtype: int64
2023-06-29 13:53:41 - INFO :  Wrong bar numbers! Code: 000729
2023-06-29 13:53:41 - INFO :  date
20230628    7
Name: symbol, dtype: int64
2023-06-29 13:56:09 - INFO :  Wrong bar numbers! Code: 688171
2023-06-29 13:56:09 - INFO :  date
20230601    480
20230602    480
20230605    480
20230606    480
20230607    480
20230608    480
20230609    480
20230612    480
20230613    480
20230614    480
20230615    480
20230616    480
20230619    480
20230620    480
20230621    480
20230626    480
20230627    480
20230628     14
Name: symbol, dtype: int64
2023-06-29 13:56:09 - INFO :  Wrong bar numbers! Code: 600125
2023-06-29 13:56:09 - INFO :  date
20230628    7
Name: symbol, dtype: int64
2023-06-29 13:56:10 - INFO :  Wrong bar numbers! Code: 002595
2023-06-29 13:56:10 - INFO :  date
20230628    7
Name: symbol, dtype: int64
2023-06-29 13:56:10 - INFO :  Wrong bar numbers! Code: 000729
2023-06-29 13:56:10 - INFO :  date
20230628    7
Name: symbol, dtype: int64
