{'font.family': '微软雅黑', 'font.size': 12, 'log.active': True, 'log.level': 50, 'log.console': True, 'log.file': True, 'email.server': 'smtp.qq.com', 'email.port': 465, 'email.username': '', 'email.password': '', 'email.sender': '', 'email.receiver': '', 'datafeed.name': '', 'datafeed.username': '', 'datafeed.password': '', 'database.timezone': 'Asia/Shanghai', 'database.name': 'mysql', 'database.database': 'vnpy_backup', 'database.host': 'localhost', 'database.port': 3306, 'database.user': 'remote', 'database.password': 'zhP@55word'}
####################################################################################################
2023-07-05 16:01:02: /home/ubuntu/stock_data_update/update_adjprice_into_ck.py
002049
                  datetime      date  symbol  ...  turnover  volume  ex_factor
0      2021-01-04 09:30:00  20210104  002049  ...  80267110  812588        1.0
1      2021-01-04 09:31:00  20210104  002049  ...  38459554  387939        1.0
2      2021-01-04 09:32:00  20210104  002049  ...  37402087  379399        1.0
3      2021-01-04 09:33:00  20210104  002049  ...  27839298  282659        1.0
4      2021-01-04 09:34:00  20210104  002049  ...  32551824  328859        1.0
...                    ...       ...     ...  ...       ...     ...        ...
145195 2022-08-04 10:25:00  20220804  002049  ...   1509989    9519        1.0
145196 2022-08-04 10:26:00  20220804  002049  ...   2045108   12879        1.0
145197 2022-08-04 10:27:00  20220804  002049  ...   5385617   33879        1.0
145198 2022-08-04 10:28:00  20220804  002049  ...  10080335   63419        1.0
145199 2022-08-04 10:29:00  20220804  002049  ...   3837652   24219        1.0

[145200 rows x 12 columns]
                        datetime      date  ...     low_adj   close_adj
0      2021-01-04 09:30:00+08:00  20210104  ...   69.588498   70.781706
1      2021-01-04 09:31:00+08:00  20210104  ...   70.070841   70.309552
2      2021-01-04 09:32:00+08:00  20210104  ...   69.832200   70.126706
3      2021-01-04 09:33:00+08:00  20210104  ...   69.883010   69.928682
4      2021-01-04 09:34:00+08:00  20210104  ...   69.903315   70.730968
...                          ...       ...  ...         ...         ...
145195 2022-08-04 10:25:00+08:00  20220804  ...  158.301697  158.579895
145196 2022-08-04 10:26:00+08:00  20220804  ...  158.358795  158.387299
145197 2022-08-04 10:27:00+08:00  20220804  ...  158.387299  158.736801
145198 2022-08-04 10:28:00+08:00  20220804  ...  158.009201  158.116196
145199 2022-08-04 10:29:00+08:00  20220804  ...  158.002106  158.501404

[145200 rows x 18 columns]
Insert Bar: 145200 from 2021-01-04 09:30:00+08:00 - 2022-08-04 10:29:00+08:00
600660
                  datetime      date  symbol  ... turnover  volume  ex_factor
0      2021-08-24 13:26:00  20210824  600660  ...  3706978   76600        1.0
1      2021-08-24 13:27:00  20210824  600660  ...  5511742  114000        1.0
2      2021-08-24 13:28:00  20210824  600660  ...  7763564  160600        1.0
3      2021-08-24 13:29:00  20210824  600660  ...  6826442  141500        1.0
4      2021-08-24 13:30:00  20210824  600660  ...  9518344  197633        1.0
...                    ...       ...     ...  ...      ...     ...        ...
145195 2023-07-04 14:55:00  20230704  600660  ...  1639434   45500        1.0
145196 2023-07-04 14:56:00  20230704  600660  ...  2879707   79900        1.0
145197 2023-07-04 14:57:00  20230704  600660  ...    68457    1900        1.0
145198 2023-07-04 14:58:00  20230704  600660  ...        0       0        1.0
145199 2023-07-04 14:59:00  20230704  600660  ...  3357186   93100        1.0

[145200 rows x 12 columns]
                        datetime      date  ...    low_adj  close_adj
0      2021-08-24 13:26:00+08:00  20210824  ...  42.030264  42.056280
1      2021-08-24 13:27:00+08:00  20210824  ...  41.960730  41.960730
2      2021-08-24 13:28:00+08:00  20210824  ...  41.943324  41.969432
3      2021-08-24 13:29:00+08:00  20210824  ...  41.882493  41.882493
4      2021-08-24 13:30:00+08:00  20210824  ...  41.804256  41.804256
...                          ...       ...  ...        ...        ...
145195 2023-07-04 14:55:00+08:00  20230704  ...  36.020000  36.029999
145196 2023-07-04 14:56:00+08:00  20230704  ...  36.029999  36.029999
145197 2023-07-04 14:57:00+08:00  20230704  ...  36.029999  36.029999
145198 2023-07-04 14:58:00+08:00  20230704  ...  36.029999  36.029999
145199 2023-07-04 14:59:00+08:00  20230704  ...  36.060001  36.060001

[145200 rows x 18 columns]
Insert Bar: 145200 from 2021-08-24 13:26:00+08:00 - 2023-07-04 14:59:00+08:00
600871
Empty DataFrame
Columns: [datetime, date, symbol, exchange, interval, open_price, high_price, low_price, close_price, turnover, volume, ex_factor]
Index: []
