####################################################################################################
{'font.family': '微软雅黑', 'font.size': 12, 'log.active': True, 'log.level': 50, 'log.console': True, 'log.file': True, 'email.server': 'smtp.qq.com', 'email.port': 465, 'email.username': '', 'email.password': '', 'email.sender': '', 'email.receiver': '', 'datafeed.name': '', 'datafeed.username': '', 'datafeed.password': '', 'database.timezone': 'Asia/Shanghai', 'database.name': 'mysql', 'database.database': 'vnpy_futures', 'database.host': 'localhost', 'database.port': 3306, 'database.user': 'remote', 'database.password': 'zhP@55word'}
2023-08-22 15:35:02: /home/ubuntu/stock_data_update/update_future_data_into_mysql.py
all symbol nums:  110
    order_book_id            datetime  ...  close_price     turnover
0           AP888 2023-08-21 09:00:00  ...       8780.0  560610600.0
1           AP888 2023-08-21 09:01:00  ...       8759.0  358216400.0
2           AP888 2023-08-21 09:02:00  ...       8751.0  272546400.0
3           AP888 2023-08-21 09:03:00  ...       8756.0  203391020.0
4           AP888 2023-08-21 09:04:00  ...       8745.0  180669820.0
..            ...                 ...  ...          ...          ...
220         AP888 2023-08-21 14:55:00  ...       8792.0   16661100.0
221         AP888 2023-08-21 14:56:00  ...       8787.0   16924170.0
222         AP888 2023-08-21 14:57:00  ...       8789.0   16748790.0
223         AP888 2023-08-21 14:58:00  ...       8789.0   23500920.0
224         AP888 2023-08-21 14:59:00  ...       8786.0   47352600.0

[225 rows x 19 columns]
    order_book_id            datetime  ...  close_price    turnover
0           BC888 2023-08-18 21:00:00  ...      60200.0  41226800.0
1           BC888 2023-08-18 21:01:00  ...      60250.0  11745750.0
2           BC888 2023-08-18 21:02:00  ...      60260.0  35558650.0
3           BC888 2023-08-18 21:03:00  ...      60240.0   9640200.0
4           BC888 2023-08-18 21:04:00  ...      60230.0  20183650.0
..            ...                 ...  ...          ...         ...
460         BC888 2023-08-21 14:55:00  ...      60610.0   1515150.0
461         BC888 2023-08-21 14:56:00  ...      60620.0   1515450.0
462         BC888 2023-08-21 14:57:00  ...      60610.0   5455300.0
463         BC888 2023-08-21 14:58:00  ...      60620.0   7880300.0
464         BC888 2023-08-21 14:59:00  ...      60610.0   5759100.0

[465 rows x 19 columns]
    order_book_id            datetime  ...  close_price     turnover
0           CF888 2023-08-18 21:00:00  ...      16920.0  771916025.0
1           CF888 2023-08-18 21:01:00  ...      16920.0  435748975.0
2           CF888 2023-08-18 21:02:00  ...      16940.0  285778800.0
3           CF888 2023-08-18 21:03:00  ...      16930.0  220044600.0
4           CF888 2023-08-18 21:04:00  ...      16925.0  166709850.0
..            ...                 ...  ...          ...          ...
340         CF888 2023-08-21 14:55:00  ...      16945.0   77155200.0
341         CF888 2023-08-21 14:56:00  ...      16945.0   65649600.0
342         CF888 2023-08-21 14:57:00  ...      16945.0   51944400.0
343         CF888 2023-08-21 14:58:00  ...      16950.0   48645000.0
344         CF888 2023-08-21 14:59:00  ...      16945.0  137813400.0

[345 rows x 19 columns]
    order_book_id            datetime  ...  close_price     turnover
0           CJ888 2023-08-21 09:00:00  ...      13110.0  110152350.0
1           CJ888 2023-08-21 09:01:00  ...      13155.0  102225400.0
2           CJ888 2023-08-21 09:02:00  ...      13170.0  132283750.0
3           CJ888 2023-08-21 09:03:00  ...      13150.0   20119500.0
4           CJ888 2023-08-21 09:04:00  ...      13140.0   19988000.0
..            ...                 ...  ...          ...          ...
220         CJ888 2023-08-21 14:55:00  ...      13175.0   10528000.0
221         CJ888 2023-08-21 14:56:00  ...      13180.0   13423200.0
222         CJ888 2023-08-21 14:57:00  ...      13180.0    8751400.0
223         CJ888 2023-08-21 14:58:00  ...      13180.0   14936600.0
224         CJ888 2023-08-21 14:59:00  ...      13200.0   23885400.0

[225 rows x 19 columns]
    order_book_id            datetime  ...  close_price   turnover
0           CY888 2023-08-18 21:00:00  ...      22715.0  1363500.0
1           CY888 2023-08-18 21:01:00  ...      22740.0   682200.0
2           CY888 2023-08-18 21:02:00  ...      22740.0   113650.0
3           CY888 2023-08-18 21:03:00  ...      22755.0   113650.0
4           CY888 2023-08-18 21:04:00  ...      22760.0   341525.0
..            ...                 ...  ...          ...        ...
340         CY888 2023-08-21 14:55:00  ...      22730.0        0.0
341         CY888 2023-08-21 14:56:00  ...      22745.0   227500.0
342         CY888 2023-08-21 14:57:00  ...      22745.0        0.0
343         CY888 2023-08-21 14:58:00  ...      22715.0  1706250.0
344         CY888 2023-08-21 14:59:00  ...      22725.0   682500.0

[345 rows x 19 columns]
    order_book_id            datetime  ...  close_price     turnover
0           FG888 2023-08-18 21:00:00  ...       1578.0  806389560.0
1           FG888 2023-08-18 21:01:00  ...       1577.0  507737280.0
2           FG888 2023-08-18 21:02:00  ...       1577.0  161808120.0
3           FG888 2023-08-18 21:03:00  ...       1576.0  156285120.0
4           FG888 2023-08-18 21:04:00  ...       1575.0  152849300.0
..            ...                 ...  ...          ...          ...
340         FG888 2023-08-21 14:55:00  ...       1657.0  246730880.0
341         FG888 2023-08-21 14:56:00  ...       1662.0  206015860.0
342         FG888 2023-08-21 14:57:00  ...       1661.0  269941980.0
343         FG888 2023-08-21 14:58:00  ...       1664.0  211988700.0
344         FG888 2023-08-21 14:59:00  ...       1663.0  501302340.0

[345 rows x 19 columns]
    order_book_id            datetime  ...  close_price      turnover
0           IC888 2023-08-21 09:30:00  ...       5792.2  1.682290e+09
1           IC888 2023-08-21 09:31:00  ...       5788.6  1.086611e+09
2           IC888 2023-08-21 09:32:00  ...       5801.6  1.019785e+09
3           IC888 2023-08-21 09:33:00  ...       5795.2  6.841786e+08
4           IC888 2023-08-21 09:34:00  ...       5789.4  5.004488e+08
..            ...                 ...  ...          ...           ...
235         IC888 2023-08-21 14:55:00  ...       5718.4  5.341294e+08
236         IC888 2023-08-21 14:56:00  ...       5719.0  3.420084e+08
237         IC888 2023-08-21 14:57:00  ...       5717.2  4.391891e+08
238         IC888 2023-08-21 14:58:00  ...       5714.6  4.858717e+08
239         IC888 2023-08-21 14:59:00  ...       5714.8  7.517230e+08

[240 rows x 19 columns]
    order_book_id            datetime  ...  close_price      turnover
0           IF888 2023-08-21 09:30:00  ...       3782.6  3.612342e+09
1           IF888 2023-08-21 09:31:00  ...       3781.2  1.683272e+09
2           IF888 2023-08-21 09:32:00  ...       3784.2  1.404494e+09
3           IF888 2023-08-21 09:33:00  ...       3782.0  8.181473e+08
4           IF888 2023-08-21 09:34:00  ...       3778.8  9.198235e+08
..            ...                 ...  ...          ...           ...
235         IF888 2023-08-21 14:55:00  ...       3737.6  8.468765e+08
236         IF888 2023-08-21 14:56:00  ...       3737.8  8.118943e+08
237         IF888 2023-08-21 14:57:00  ...       3737.6  8.308874e+08
238         IF888 2023-08-21 14:58:00  ...       3735.2  1.169279e+09
239         IF888 2023-08-21 14:59:00  ...       3734.8  1.172039e+09

[240 rows x 19 columns]
    order_book_id            datetime  ...  close_price      turnover
0           IH888 2023-08-21 09:30:00  ...       2505.0  1.496560e+09
1           IH888 2023-08-21 09:31:00  ...       2501.0  1.214416e+09
2           IH888 2023-08-21 09:32:00  ...       2503.0  7.710580e+08
3           IH888 2023-08-21 09:33:00  ...       2501.0  5.574727e+08
4           IH888 2023-08-21 09:34:00  ...       2498.8  4.814360e+08
..            ...                 ...  ...          ...           ...
235         IH888 2023-08-21 14:55:00  ...       2479.8  4.085209e+08
236         IH888 2023-08-21 14:56:00  ...       2480.0  2.916472e+08
237         IH888 2023-08-21 14:57:00  ...       2480.4  3.035879e+08
238         IH888 2023-08-21 14:58:00  ...       2479.2  3.192038e+08
239         IH888 2023-08-21 14:59:00  ...       2479.0  4.944680e+08

[240 rows x 19 columns]
    order_book_id            datetime  ...  close_price      turnover
0           IM888 2023-08-21 09:30:00  ...       6138.6  1.897080e+09
1           IM888 2023-08-21 09:31:00  ...       6137.2  1.278023e+09
2           IM888 2023-08-21 09:32:00  ...       6151.2  9.870819e+08
3           IM888 2023-08-21 09:33:00  ...       6146.6  5.460603e+08
4           IM888 2023-08-21 09:34:00  ...       6139.4  5.368470e+08
..            ...                 ...  ...          ...           ...
235         IM888 2023-08-21 14:55:00  ...       6057.2  4.349334e+08
236         IM888 2023-08-21 14:56:00  ...       6057.4  3.028926e+08
237         IM888 2023-08-21 14:57:00  ...       6054.2  4.953035e+08
238         IM888 2023-08-21 14:58:00  ...       6052.2  3.996058e+08
239         IM888 2023-08-21 14:59:00  ...       6053.8  7.925633e+08

[240 rows x 19 columns]
    order_book_id            datetime     low  ...  low_price  close_price  turnover
0           JR888 2023-08-21 09:00:00  2662.0  ...     2662.0       2662.0       0.0
1           JR888 2023-08-21 09:01:00  2662.0  ...     2662.0       2662.0       0.0
2           JR888 2023-08-21 09:02:00  2662.0  ...     2662.0       2662.0       0.0
3           JR888 2023-08-21 09:03:00  2662.0  ...     2662.0       2662.0       0.0
4           JR888 2023-08-21 09:04:00  2662.0  ...     2662.0       2662.0       0.0
..            ...                 ...     ...  ...        ...          ...       ...
220         JR888 2023-08-21 14:55:00  2662.0  ...     2662.0       2662.0       0.0
221         JR888 2023-08-21 14:56:00  2662.0  ...     2662.0       2662.0       0.0
222         JR888 2023-08-21 14:57:00  2662.0  ...     2662.0       2662.0       0.0
223         JR888 2023-08-21 14:58:00  2662.0  ...     2662.0       2662.0       0.0
224         JR888 2023-08-21 14:59:00  2662.0  ...     2662.0       2662.0       0.0

[225 rows x 19 columns]
    order_book_id            datetime  ...  close_price     turnover
0           LC888 2023-08-21 09:00:00  ...     197300.0  375699100.0
1           LC888 2023-08-21 09:01:00  ...     197750.0  122421950.0
2           LC888 2023-08-21 09:02:00  ...     197550.0   80767950.0
3           LC888 2023-08-21 09:03:00  ...     196700.0  134011550.0
4           LC888 2023-08-21 09:04:00  ...     197350.0   79019400.0
..            ...                 ...  ...          ...          ...
220         LC888 2023-08-21 14:55:00  ...     201150.0   40197700.0
221         LC888 2023-08-21 14:56:00  ...     201050.0   26534350.0
222         LC888 2023-08-21 14:57:00  ...     201000.0   19901350.0
223         LC888 2023-08-21 14:58:00  ...     201000.0   54273450.0
224         LC888 2023-08-21 14:59:00  ...     201150.0   73186450.0

[225 rows x 19 columns]
    order_book_id            datetime     low  ...  low_price  close_price  turnover
0           LR888 2023-08-21 09:00:00  2360.0  ...     2360.0       2360.0       0.0
1           LR888 2023-08-21 09:01:00  2360.0  ...     2360.0       2360.0       0.0
2           LR888 2023-08-21 09:02:00  2360.0  ...     2360.0       2360.0       0.0
3           LR888 2023-08-21 09:03:00  2360.0  ...     2360.0       2360.0       0.0
4           LR888 2023-08-21 09:04:00  2360.0  ...     2360.0       2360.0       0.0
..            ...                 ...     ...  ...        ...          ...       ...
220         LR888 2023-08-21 14:55:00  2360.0  ...     2360.0       2360.0       0.0
221         LR888 2023-08-21 14:56:00  2360.0  ...     2360.0       2360.0       0.0
222         LR888 2023-08-21 14:57:00  2360.0  ...     2360.0       2360.0       0.0
223         LR888 2023-08-21 14:58:00  2360.0  ...     2360.0       2360.0       0.0
224         LR888 2023-08-21 14:59:00  2360.0  ...     2360.0       2360.0       0.0

[225 rows x 19 columns]
    order_book_id            datetime  ...  close_price     turnover
0           LU888 2023-08-18 21:00:00  ...       4345.0  171935040.0
1           LU888 2023-08-18 21:01:00  ...       4332.0  119295980.0
2           LU888 2023-08-18 21:02:00  ...       4326.0   61998850.0
3           LU888 2023-08-18 21:03:00  ...       4330.0   58264250.0
4           LU888 2023-08-18 21:04:00  ...       4322.0   68795230.0
..            ...                 ...  ...          ...          ...
340         LU888 2023-08-21 14:55:00  ...       4472.0   38903530.0
341         LU888 2023-08-21 14:56:00  ...       4476.0   25867150.0
342         LU888 2023-08-21 14:57:00  ...       4475.0   22374990.0
343         LU888 2023-08-21 14:58:00  ...       4476.0   15665660.0
344         LU888 2023-08-21 14:59:00  ...       4477.0   31649460.0

[345 rows x 19 columns]
    order_book_id            datetime  ...  close_price     turnover
0           MA888 2023-08-18 21:00:00  ...       2441.0  520323560.0
1           MA888 2023-08-18 21:01:00  ...       2441.0  488811640.0
2           MA888 2023-08-18 21:02:00  ...       2435.0  279534840.0
3           MA888 2023-08-18 21:03:00  ...       2437.0  195217560.0
4           MA888 2023-08-18 21:04:00  ...       2435.0  199063800.0
..            ...                 ...  ...          ...          ...
340         MA888 2023-08-21 14:55:00  ...       2501.0   94003920.0
341         MA888 2023-08-21 14:56:00  ...       2501.0  106926140.0
342         MA888 2023-08-21 14:57:00  ...       2505.0  139952910.0
343         MA888 2023-08-21 14:58:00  ...       2512.0  398272480.0
344         MA888 2023-08-21 14:59:00  ...       2509.0  304241210.0

[345 rows x 19 columns]
    order_book_id            datetime  ...  close_price    turnover
0           NR888 2023-08-18 21:00:00  ...       9405.0  81515550.0
1           NR888 2023-08-18 21:01:00  ...       9410.0  30297550.0
2           NR888 2023-08-18 21:02:00  ...       9410.0   9788900.0
3           NR888 2023-08-18 21:03:00  ...       9415.0   3200300.0
4           NR888 2023-08-18 21:04:00  ...       9415.0   5647800.0
..            ...                 ...  ...          ...         ...
340         NR888 2023-08-21 14:55:00  ...       9525.0   8481000.0
341         NR888 2023-08-21 14:56:00  ...       9525.0  22288100.0
342         NR888 2023-08-21 14:57:00  ...       9515.0  13135350.0
343         NR888 2023-08-21 14:58:00  ...       9515.0  17698100.0
344         NR888 2023-08-21 14:59:00  ...       9515.0  17125900.0

[345 rows x 19 columns]
    order_book_id            datetime  ...  close_price     turnover
0           OI888 2023-08-18 21:00:00  ...       9297.0  316881900.0
1           OI888 2023-08-18 21:01:00  ...       9278.0  157177620.0
2           OI888 2023-08-18 21:02:00  ...       9281.0  139121880.0
3           OI888 2023-08-18 21:03:00  ...       9262.0  139124700.0
4           OI888 2023-08-18 21:04:00  ...       9261.0   83729100.0
..            ...                 ...  ...          ...          ...
340         OI888 2023-08-21 14:55:00  ...       9450.0   23487500.0
341         OI888 2023-08-21 14:56:00  ...       9456.0   26775750.0
342         OI888 2023-08-21 14:57:00  ...       9454.0   17380750.0
343         OI888 2023-08-21 14:58:00  ...       9457.0   21608500.0
344         OI888 2023-08-21 14:59:00  ...       9456.0   34197800.0

[345 rows x 19 columns]
    order_book_id            datetime  ...  close_price     turnover
0           PF888 2023-08-18 21:00:00  ...       7442.0  339429620.0
1           PF888 2023-08-18 21:01:00  ...       7444.0  170731180.0
2           PF888 2023-08-18 21:02:00  ...       7444.0   91785370.0
3           PF888 2023-08-18 21:03:00  ...       7434.0   72452630.0
4           PF888 2023-08-18 21:04:00  ...       7436.0  112492800.0
..            ...                 ...  ...          ...          ...
340         PF888 2023-08-21 14:55:00  ...       7568.0   14434560.0
341         PF888 2023-08-21 14:56:00  ...       7570.0   16013340.0
342         PF888 2023-08-21 14:57:00  ...       7570.0   12367110.0
343         PF888 2023-08-21 14:58:00  ...       7578.0   32590530.0
344         PF888 2023-08-21 14:59:00  ...       7576.0   39582270.0

[345 rows x 19 columns]
    order_book_id            datetime  ...  close_price     turnover
0           PK888 2023-08-21 09:00:00  ...      10378.0  208191820.0
1           PK888 2023-08-21 09:01:00  ...      10376.0   59714330.0
2           PK888 2023-08-21 09:02:00  ...      10366.0   38799550.0
3           PK888 2023-08-21 09:03:00  ...      10360.0   22218920.0
4           PK888 2023-08-21 09:04:00  ...      10362.0   25688980.0
..            ...                 ...  ...          ...          ...
220         PK888 2023-08-21 14:55:00  ...      10378.0    9132640.0
221         PK888 2023-08-21 14:56:00  ...      10380.0   10793120.0
222         PK888 2023-08-21 14:57:00  ...      10382.0   14217860.0
223         PK888 2023-08-21 14:58:00  ...      10376.0   15307550.0
224         PK888 2023-08-21 14:59:00  ...      10380.0   25114760.0

[225 rows x 19 columns]
    order_book_id            datetime     low  ...  low_price  close_price  turnover
0           PM888 2023-08-21 09:00:00  3122.0  ...     3122.0       3122.0       0.0
1           PM888 2023-08-21 09:01:00  3122.0  ...     3122.0       3122.0       0.0
2           PM888 2023-08-21 09:02:00  3122.0  ...     3122.0       3122.0       0.0
3           PM888 2023-08-21 09:03:00  3122.0  ...     3122.0       3122.0       0.0
4           PM888 2023-08-21 09:04:00  3122.0  ...     3122.0       3122.0       0.0
..            ...                 ...     ...  ...        ...          ...       ...
220         PM888 2023-08-21 14:55:00  3122.0  ...     3122.0       3122.0       0.0
221         PM888 2023-08-21 14:56:00  3122.0  ...     3122.0       3122.0       0.0
222         PM888 2023-08-21 14:57:00  3122.0  ...     3122.0       3122.0       0.0
223         PM888 2023-08-21 14:58:00  3122.0  ...     3122.0       3122.0       0.0
224         PM888 2023-08-21 14:59:00  3122.0  ...     3122.0       3122.0       0.0

[225 rows x 19 columns]
    order_book_id            datetime     low  ...  low_price  close_price  turnover
0           RI888 2023-08-21 09:00:00  2479.0  ...     2479.0       2479.0       0.0
1           RI888 2023-08-21 09:01:00  2479.0  ...     2479.0       2479.0       0.0
2           RI888 2023-08-21 09:02:00  2479.0  ...     2479.0       2479.0       0.0
3           RI888 2023-08-21 09:03:00  2479.0  ...     2479.0       2479.0       0.0
4           RI888 2023-08-21 09:04:00  2479.0  ...     2479.0       2479.0       0.0
..            ...                 ...     ...  ...        ...          ...       ...
220         RI888 2023-08-21 14:55:00  2479.0  ...     2479.0       2479.0       0.0
221         RI888 2023-08-21 14:56:00  2479.0  ...     2479.0       2479.0       0.0
222         RI888 2023-08-21 14:57:00  2479.0  ...     2479.0       2479.0       0.0
223         RI888 2023-08-21 14:58:00  2479.0  ...     2479.0       2479.0       0.0
224         RI888 2023-08-21 14:59:00  2479.0  ...     2479.0       2479.0       0.0

[225 rows x 19 columns]
    order_book_id            datetime  ...  close_price     turnover
0           RM888 2023-08-18 21:00:00  ...       3775.0   82684520.0
1           RM888 2023-08-18 21:01:00  ...       3797.0   83805310.0
2           RM888 2023-08-18 21:02:00  ...       3800.0  101463170.0
3           RM888 2023-08-18 21:03:00  ...       3788.0   70659120.0
4           RM888 2023-08-18 21:04:00  ...       3797.0   36848520.0
..            ...                 ...  ...          ...          ...
340         RM888 2023-08-21 14:55:00  ...       3890.0   26320320.0
341         RM888 2023-08-21 14:56:00  ...       3888.0   25396800.0
342         RM888 2023-08-21 14:57:00  ...       3891.0   14506960.0
343         RM888 2023-08-21 14:58:00  ...       3893.0   21741200.0
344         RM888 2023-08-21 14:59:00  ...       3891.0   37759660.0

[345 rows x 19 columns]
    order_book_id            datetime     low  ...  low_price  close_price  turnover
0           RS888 2023-08-21 09:00:00  6160.0  ...     6160.0       6184.0  308950.0
1           RS888 2023-08-21 09:01:00  6184.0  ...     6184.0       6184.0       0.0
2           RS888 2023-08-21 09:02:00  6184.0  ...     6184.0       6184.0       0.0
3           RS888 2023-08-21 09:03:00  6184.0  ...     6184.0       6184.0   61850.0
4           RS888 2023-08-21 09:04:00  6184.0  ...     6184.0       6184.0   61800.0
..            ...                 ...     ...  ...        ...          ...       ...
220         RS888 2023-08-21 14:55:00  6233.0  ...     6233.0       6233.0       0.0
221         RS888 2023-08-21 14:56:00  6233.0  ...     6233.0       6233.0       0.0
222         RS888 2023-08-21 14:57:00  6227.0  ...     6227.0       6227.0   62640.0
223         RS888 2023-08-21 14:58:00  6200.0  ...     6200.0       6200.0  124260.0
224         RS888 2023-08-21 14:59:00  6200.0  ...     6200.0       6200.0       0.0

[225 rows x 19 columns]
    order_book_id            datetime  ...  close_price      turnover
0           SA888 2023-08-18 21:00:00  ...       1697.0  1.336598e+09
1           SA888 2023-08-18 21:01:00  ...       1696.0  5.223979e+08
2           SA888 2023-08-18 21:02:00  ...       1693.0  3.801619e+08
3           SA888 2023-08-18 21:03:00  ...       1690.0  3.892354e+08
4           SA888 2023-08-18 21:04:00  ...       1689.0  3.435522e+08
..            ...                 ...  ...          ...           ...
340         SA888 2023-08-21 14:55:00  ...       1838.0  2.563758e+07
341         SA888 2023-08-21 14:56:00  ...       1838.0  2.907720e+07
342         SA888 2023-08-21 14:57:00  ...       1838.0  2.407734e+07
343         SA888 2023-08-21 14:58:00  ...       1838.0  1.244646e+07
344         SA888 2023-08-21 14:59:00  ...       1838.0  1.985760e+07

[345 rows x 19 columns]
    order_book_id            datetime  ...  close_price      turnover
0           SC888 2023-08-18 21:00:00  ...        634.7  1.599425e+09
1           SC888 2023-08-18 21:01:00  ...        633.8  1.072228e+09
2           SC888 2023-08-18 21:02:00  ...        633.1  7.815437e+08
3           SC888 2023-08-18 21:03:00  ...        632.7  5.751921e+08
4           SC888 2023-08-18 21:04:00  ...        631.8  7.239263e+08
..            ...                 ...  ...          ...           ...
550         SC888 2023-08-21 14:55:00  ...        653.1  1.678235e+08
551         SC888 2023-08-21 14:56:00  ...        653.2  2.071064e+08
552         SC888 2023-08-21 14:57:00  ...        653.0  1.828945e+08
553         SC888 2023-08-21 14:58:00  ...        652.8  2.448525e+08
554         SC888 2023-08-21 14:59:00  ...        652.9  3.388420e+08

[555 rows x 19 columns]
    order_book_id            datetime  ...  close_price     turnover
0           SF888 2023-08-21 09:00:00  ...       6818.0  404900400.0
1           SF888 2023-08-21 09:01:00  ...       6798.0  285013020.0
2           SF888 2023-08-21 09:02:00  ...       6790.0  263077980.0
3           SF888 2023-08-21 09:03:00  ...       6810.0  160797400.0
4           SF888 2023-08-21 09:04:00  ...       6808.0   75194360.0
..            ...                 ...  ...          ...          ...
220         SF888 2023-08-21 14:55:00  ...       6884.0   26174700.0
221         SF888 2023-08-21 14:56:00  ...       6884.0   36479700.0
222         SF888 2023-08-21 14:57:00  ...       6882.0   20610000.0
223         SF888 2023-08-21 14:58:00  ...       6890.0   38987250.0
224         SF888 2023-08-21 14:59:00  ...       6894.0   66295500.0

[225 rows x 19 columns]
    order_book_id            datetime  ...  close_price     turnover
0           SI888 2023-08-21 09:00:00  ...      13535.0  299255850.0
1           SI888 2023-08-21 09:01:00  ...      13515.0   34799975.0
2           SI888 2023-08-21 09:02:00  ...      13545.0   47609525.0
3           SI888 2023-08-21 09:03:00  ...      13530.0   20974900.0
4           SI888 2023-08-21 09:04:00  ...      13535.0   14347575.0
..            ...                 ...  ...          ...          ...
220         SI888 2023-08-21 14:55:00  ...      13600.0    1767875.0
221         SI888 2023-08-21 14:56:00  ...      13600.0    6393025.0
222         SI888 2023-08-21 14:57:00  ...      13620.0   17831250.0
223         SI888 2023-08-21 14:58:00  ...      13620.0   13757625.0
224         SI888 2023-08-21 14:59:00  ...      13625.0   44219950.0

[225 rows x 19 columns]
    order_book_id            datetime  ...  close_price     turnover
0           SM888 2023-08-21 09:00:00  ...       6692.0  394833280.0
1           SM888 2023-08-21 09:01:00  ...       6670.0  422557150.0
2           SM888 2023-08-21 09:02:00  ...       6678.0  173790150.0
3           SM888 2023-08-21 09:03:00  ...       6724.0  148974970.0
4           SM888 2023-08-21 09:04:00  ...       6716.0   70313850.0
..            ...                 ...  ...          ...          ...
220         SM888 2023-08-21 14:55:00  ...       6758.0   28543680.0
221         SM888 2023-08-21 14:56:00  ...       6760.0   14810400.0
222         SM888 2023-08-21 14:57:00  ...       6758.0   12858120.0
223         SM888 2023-08-21 14:58:00  ...       6760.0   27153520.0
224         SM888 2023-08-21 14:59:00  ...       6758.0   31919160.0

[225 rows x 19 columns]
    order_book_id            datetime  ...  close_price     turnover
0           SR888 2023-08-18 21:00:00  ...       6870.0  722861400.0
1           SR888 2023-08-18 21:01:00  ...       6874.0  302841480.0
2           SR888 2023-08-18 21:02:00  ...       6871.0  192496560.0
3           SR888 2023-08-18 21:03:00  ...       6872.0  186025040.0
4           SR888 2023-08-18 21:04:00  ...       6872.0  113662880.0
..            ...                 ...  ...          ...          ...
340         SR888 2023-08-21 14:55:00  ...       6962.0  151048280.0
341         SR888 2023-08-21 14:56:00  ...       6967.0   85402240.0
342         SR888 2023-08-21 14:57:00  ...       6966.0   81658960.0
343         SR888 2023-08-21 14:58:00  ...       6971.0  115803970.0
344         SR888 2023-08-21 14:59:00  ...       6975.0  255966360.0

[345 rows x 19 columns]
    order_book_id            datetime  ...  close_price      turnover
0            T888 2023-08-21 09:30:00  ...      102.525  1.830290e+09
1            T888 2023-08-21 09:31:00  ...      102.520  6.940853e+08
2            T888 2023-08-21 09:32:00  ...      102.530  8.386546e+08
3            T888 2023-08-21 09:33:00  ...      102.535  6.510916e+08
4            T888 2023-08-21 09:34:00  ...      102.535  5.301102e+08
..            ...                 ...  ...          ...           ...
250          T888 2023-08-21 15:10:00  ...      102.725  6.215271e+08
251          T888 2023-08-21 15:11:00  ...      102.725  5.166994e+08
252          T888 2023-08-21 15:12:00  ...      102.720  5.135930e+08
253          T888 2023-08-21 15:13:00  ...      102.720  1.664144e+08
254          T888 2023-08-21 15:14:00  ...      102.740  6.625922e+08

[255 rows x 19 columns]
    order_book_id            datetime  ...  close_price     turnover
0           TA888 2023-08-18 21:00:00  ...       5838.0  694746620.0
1           TA888 2023-08-18 21:01:00  ...       5842.0  368485040.0
2           TA888 2023-08-18 21:02:00  ...       5840.0  286659890.0
3           TA888 2023-08-18 21:03:00  ...       5832.0  236789280.0
4           TA888 2023-08-18 21:04:00  ...       5834.0  173690210.0
..            ...                 ...  ...          ...          ...
340         TA888 2023-08-21 14:55:00  ...       5982.0  158496620.0
341         TA888 2023-08-21 14:56:00  ...       5986.0  201746180.0
342         TA888 2023-08-21 14:57:00  ...       5982.0   81778800.0
343         TA888 2023-08-21 14:58:00  ...       5984.0  149542610.0
344         TA888 2023-08-21 14:59:00  ...       5986.0  245158620.0

[345 rows x 19 columns]
    order_book_id            datetime  ...  close_price      turnover
0           TF888 2023-08-21 09:30:00  ...      102.635  1.842441e+09
1           TF888 2023-08-21 09:31:00  ...      102.630  2.452900e+08
2           TF888 2023-08-21 09:32:00  ...      102.630  4.495184e+08
3           TF888 2023-08-21 09:33:00  ...      102.635  2.463292e+08
4           TF888 2023-08-21 09:34:00  ...      102.640  2.175962e+08
..            ...                 ...  ...          ...           ...
250         TF888 2023-08-21 15:10:00  ...      102.685  2.361760e+08
251         TF888 2023-08-21 15:11:00  ...      102.680  2.125558e+08
252         TF888 2023-08-21 15:12:00  ...      102.685  2.156290e+07
253         TF888 2023-08-21 15:13:00  ...      102.690  2.577484e+08
254         TF888 2023-08-21 15:14:00  ...      102.690  1.242564e+08

[255 rows x 19 columns]
    order_book_id            datetime  ...  close_price      turnover
0           TS888 2023-08-21 09:30:00  ...      101.475  1.329341e+09
1           TS888 2023-08-21 09:31:00  ...      101.470  3.896505e+08
2           TS888 2023-08-21 09:32:00  ...      101.465  8.523300e+07
3           TS888 2023-08-21 09:33:00  ...      101.470  1.116174e+08
4           TS888 2023-08-21 09:34:00  ...      101.470  4.667740e+07
..            ...                 ...  ...          ...           ...
250         TS888 2023-08-21 15:10:00  ...      101.475  1.826550e+07
251         TS888 2023-08-21 15:11:00  ...      101.475  0.000000e+00
252         TS888 2023-08-21 15:12:00  ...      101.475  0.000000e+00
253         TS888 2023-08-21 15:13:00  ...      101.475  2.029500e+06
254         TS888 2023-08-21 15:14:00  ...      101.475  1.867144e+08

[255 rows x 19 columns]
    order_book_id            datetime  ...  close_price      turnover
0           UR888 2023-08-21 09:00:00  ...       2076.0  1.106639e+09
1           UR888 2023-08-21 09:01:00  ...       2085.0  8.202354e+08
2           UR888 2023-08-21 09:02:00  ...       2074.0  4.757923e+08
3           UR888 2023-08-21 09:03:00  ...       2075.0  3.943461e+08
4           UR888 2023-08-21 09:04:00  ...       2087.0  4.157830e+08
..            ...                 ...  ...          ...           ...
220         UR888 2023-08-21 14:55:00  ...       2159.0  1.566356e+08
221         UR888 2023-08-21 14:56:00  ...       2157.0  9.931636e+07
222         UR888 2023-08-21 14:57:00  ...       2160.0  1.815180e+08
223         UR888 2023-08-21 14:58:00  ...       2160.0  3.056315e+08
224         UR888 2023-08-21 14:59:00  ...       2162.0  5.182061e+08

[225 rows x 19 columns]
    order_book_id            datetime     low  ...  low_price  close_price  turnover
0           WH888 2023-08-21 09:00:00  3198.0  ...     3198.0       3198.0       0.0
1           WH888 2023-08-21 09:01:00  3198.0  ...     3198.0       3198.0       0.0
2           WH888 2023-08-21 09:02:00  3198.0  ...     3198.0       3198.0       0.0
3           WH888 2023-08-21 09:03:00  3198.0  ...     3198.0       3198.0       0.0
4           WH888 2023-08-21 09:04:00  3198.0  ...     3198.0       3198.0       0.0
..            ...                 ...     ...  ...        ...          ...       ...
220         WH888 2023-08-21 14:55:00  3198.0  ...     3198.0       3198.0       0.0
221         WH888 2023-08-21 14:56:00  3198.0  ...     3198.0       3198.0       0.0
222         WH888 2023-08-21 14:57:00  3198.0  ...     3198.0       3198.0       0.0
223         WH888 2023-08-21 14:58:00  3198.0  ...     3198.0       3198.0       0.0
224         WH888 2023-08-21 14:59:00  3198.0  ...     3198.0       3198.0       0.0

[225 rows x 19 columns]
    order_book_id            datetime    low  ...  low_price  close_price  turnover
0           ZC888 2023-08-18 21:00:00  801.4  ...      801.4        801.4       0.0
1           ZC888 2023-08-18 21:01:00  801.4  ...      801.4        801.4       0.0
2           ZC888 2023-08-18 21:02:00  801.4  ...      801.4        801.4       0.0
3           ZC888 2023-08-18 21:03:00  801.4  ...      801.4        801.4       0.0
4           ZC888 2023-08-18 21:04:00  801.4  ...      801.4        801.4       0.0
..            ...                 ...    ...  ...        ...          ...       ...
340         ZC888 2023-08-21 14:55:00  801.4  ...      801.4        801.4       0.0
341         ZC888 2023-08-21 14:56:00  801.4  ...      801.4        801.4       0.0
342         ZC888 2023-08-21 14:57:00  801.4  ...      801.4        801.4       0.0
343         ZC888 2023-08-21 14:58:00  801.4  ...      801.4        801.4       0.0
344         ZC888 2023-08-21 14:59:00  801.4  ...      801.4        801.4       0.0

[345 rows x 19 columns]
